<?xml version="1.0" encoding="UTF-8"?>
<!-- Generated by org.testng.reporters.JUnitReportReporter -->
<testsuite hostname="Gaurav" failures="0" tests="1" name="scripts.TestCase" time="1.920" errors="0" timestamp="2023-08-17T13:39:53 IST" skipped="0">
  <testcase classname="scripts.TestCase" name="TestCase001" time="1.920"/>
  <system-out/>
</testsuite> <!-- scripts.TestCase -->
